
**** Build of configuration Debug for project Lab3 ****

"C:\\ti\\ccs1271\\ccs\\utils\\bin\\gmake" -k -j 20 all -O 
 
Building file: "../movement.c"
Invoking: Arm Compiler
"C:/ti/ccs1271/ccs/tools/compiler/ti-cgt-arm_20.2.7.LTS/bin/armcl" -mv7M4 --code_state=16 --float_support=FPv4SPD16 -me --include_path="C:/ti/TivaWare_C_Series-2.2.0.295" --include_path="U:/spring2025/cpre288/Workspace/Lab3" --include_path="C:/ti/ccs1271/ccs/tools/compiler/ti-cgt-arm_20.2.7.LTS/include" --define=ccs="ccs" --define=PART_TM4C123GH6PM -g --gcc --diag_warning=225 --diag_wrap=off --display_error_number --abi=eabi --preproc_with_compile --preproc_dependency="movement.d_raw"  "../movement.c"
Finished building: "../movement.c"
 
Building file: "../main3.c"
Invoking: Arm Compiler
"C:/ti/ccs1271/ccs/tools/compiler/ti-cgt-arm_20.2.7.LTS/bin/armcl" -mv7M4 --code_state=16 --float_support=FPv4SPD16 -me --include_path="C:/ti/TivaWare_C_Series-2.2.0.295" --include_path="U:/spring2025/cpre288/Workspace/Lab3" --include_path="C:/ti/ccs1271/ccs/tools/compiler/ti-cgt-arm_20.2.7.LTS/include" --define=ccs="ccs" --define=PART_TM4C123GH6PM -g --gcc --diag_warning=225 --diag_wrap=off --display_error_number --abi=eabi --preproc_with_compile --preproc_dependency="main3.d_raw"  "../main3.c"
"../main3.c", line 113: warning #552-D: variable "angWidth" was set but never used
"../main3.c", line 306: warning #179-D: variable "j" was declared but never referenced
"../main3.c", line 307: warning #179-D: variable "scan" was declared but never referenced
"../main3.c", line 308: warning #552-D: variable "scanSum" was set but never used
Finished building: "../main3.c"
 
Building target: "Lab3.out"
Invoking: Arm Linker
"C:/ti/ccs1271/ccs/tools/compiler/ti-cgt-arm_20.2.7.LTS/bin/armcl" -mv7M4 --code_state=16 --float_support=FPv4SPD16 -me --define=ccs="ccs" --define=PART_TM4C123GH6PM -g --gcc --diag_warning=225 --diag_wrap=off --display_error_number --abi=eabi -z -m"Lab3.map" --heap_size=4096 --stack_size=4096 -i"C:/ti/ccs1271/ccs/tools/compiler/ti-cgt-arm_20.2.7.LTS/lib" -i"C:/ti/ccs1271/ccs/tools/compiler/ti-cgt-arm_20.2.7.LTS/include" --reread_libs --diag_wrap=off --display_error_number --warn_sections --xml_link_info="Lab3_linkInfo.xml" --rom_model -o "Lab3.out" "./Timer.obj" "./helloworld.obj" "./lcd.obj" "./main3.obj" "./movement.obj" "./movement_functions.obj" "./open_interface.obj" "./tm4c123gh6pm_startup_ccs.obj" "../libcybotScan.lib" "../libcybotUART.lib" "../tm4c123gh6pm.cmd"  -llibc.a -l"C:/ti/TivaWare_C_Series-2.2.0.295/driverlib/ccs/Debug/driverlib.lib" 
<Linking>
Finished building target: "Lab3.out"
 

**** Build Finished ****
